<?xml version="1.0" encoding="UTF-8"?>
<!-- Generated by org.testng.reporters.JUnitReportReporter -->
<testsuite hostname="user-PC" failures="0" tests="2" name="com.crm.qa.testcases.LoginPageTest" time="28.563" errors="0" timestamp="2019-11-25T16:44:01 IST" skipped="0">
  <testcase classname="com.crm.qa.testcases.LoginPageTest" name="loginPageTitleTest" time="12.796"/>
  <testcase classname="com.crm.qa.testcases.LoginPageTest" name="loginTest" time="15.767"/>
</testsuite> <!-- com.crm.qa.testcases.LoginPageTest -->
