<?xml version="1.0" encoding="UTF-8"?>
<!-- Generated by org.testng.reporters.JUnitReportReporter -->
<testsuite hostname="user-PC" failures="0" tests="2" name="com.crm.qa.testcases.LoginPageTest" time="23.775" errors="0" timestamp="2019-11-28T11:09:09 IST" skipped="0">
  <testcase classname="com.crm.qa.testcases.LoginPageTest" name="loginPageTitleTest" time="9.636"/>
  <testcase classname="com.crm.qa.testcases.LoginPageTest" name="loginTest" time="14.139"/>
</testsuite> <!-- com.crm.qa.testcases.LoginPageTest -->
